Thu Oct 08 22:49:27 ICT 2020 : Apache Derby Network Server - 10.11.1.2 - (1629631) started and ready to accept connections on port 1527
----------------------------------------------------------------
Thu Oct 08 22:50:08 ICT 2020:
Booting Derby version The Apache Software Foundation - Apache Derby - 10.11.1.2 - (1629631): instance a816c00e-0175-08e7-2690-ffffcffa52ed 
on database directory C:\Users\tuandat95cbn\Documents\NetBeansProjects\Nguyen2\DELIVERY2DB with class loader sun.misc.Launcher$AppClassLoader@6f94fa3e 
Loaded from file:/C:/Program%20Files/Java/jdk1.8.0_111/db/lib/derby.jar
java.vendor=Oracle Corporation
java.runtime.version=1.8.0_111-b14
user.dir=C:\Program Files\Java\jdk1.8.0_111\db
os.name=Windows 10
os.arch=amd64
os.version=10.0
derby.system.home=C:\Users\tuandat95cbn\Documents\NetBeansProjects\Nguyen2
Database Class Loader started - derby.database.classpath=''
----------------------------------------------------------------
Thu Oct 08 23:10:18 ICT 2020: Shutting down Derby engine
----------------------------------------------------------------
Thu Oct 08 23:10:18 ICT 2020:
Shutting down instance a816c00e-0175-08e7-2690-ffffcffa52ed on database directory C:\Users\tuandat95cbn\Documents\NetBeansProjects\Nguyen2\DELIVERY2DB with class loader sun.misc.Launcher$AppClassLoader@6f94fa3e 
----------------------------------------------------------------
